<?xml version="1.0" encoding="UTF-8"?>
<testsuite name="nz.gogonz.churchcheckin.service.CheckInServiceTest" tests="2" skipped="0" failures="0" errors="0" timestamp="2024-06-12T03:18:59" hostname="superadmin-HP-EliteBook-840-G1" time="0.028">
  <properties/>
  <testcase name="findAll()" classname="nz.gogonz.churchcheckin.service.CheckInServiceTest" time="0.008"/>
  <testcase name="findByDateBetween()" classname="nz.gogonz.churchcheckin.service.CheckInServiceTest" time="0.016"/>
  <system-out><![CDATA[Hibernate: select ci1_0.id,ci1_0.check_in_time,ci1_0.check_out_time,ci1_0.person_id from checkin ci1_0 where ci1_0.check_in_time between ? and ?
Hibernate: select p1_0.id,p1_0.birthday,p1_0.email,p1_0.firstname,p1_0.lastname,p1_0.notes,p1_0.phone,p1_0.year from person p1_0 where p1_0.id=?
]]></system-out>
  <system-err><![CDATA[]]></system-err>
</testsuite>
