<?xml version="1.0" encoding="UTF-8"?>
<testsuite name="nz.gogonz.churchcheckin.repo.PersonRepositoryTest" tests="4" skipped="0" failures="0" errors="0" timestamp="2024-06-11T02:51:43" hostname="superadmin-HP-EliteBook-840-G1" time="0.061">
  <properties/>
  <testcase name="findAll()" classname="nz.gogonz.churchcheckin.repo.PersonRepositoryTest" time="0.013"/>
  <testcase name="findByFirstname()" classname="nz.gogonz.churchcheckin.repo.PersonRepositoryTest" time="0.013"/>
  <testcase name="findByFirstnameLike()" classname="nz.gogonz.churchcheckin.repo.PersonRepositoryTest" time="0.017"/>
  <testcase name="findByString()" classname="nz.gogonz.churchcheckin.repo.PersonRepositoryTest" time="0.012"/>
  <system-out><![CDATA[Hibernate: select p1_0.id,p1_0.birthday,p1_0.email,p1_0.firstname,p1_0.lastname,p1_0.notes,p1_0.phone,p1_0.year from person p1_0
Hibernate: select p1_0.id,p1_0.birthday,p1_0.email,p1_0.firstname,p1_0.lastname,p1_0.notes,p1_0.phone,p1_0.year from person p1_0 where p1_0.firstname=?
Hibernate: select p1_0.id,p1_0.birthday,p1_0.email,p1_0.firstname,p1_0.lastname,p1_0.notes,p1_0.phone,p1_0.year from person p1_0 where upper(p1_0.firstname) like upper(?) escape '\' or upper(p1_0.lastname) like upper(?) escape '\'
Hibernate: select p1_0.id,p1_0.birthday,p1_0.email,p1_0.firstname,p1_0.lastname,p1_0.notes,p1_0.phone,p1_0.year from person p1_0
]]></system-out>
  <system-err><![CDATA[]]></system-err>
</testsuite>
