<?xml version="1.0" encoding="UTF-8"?>
<testsuite name="nz.gogonz.churchcheckin.repo.PersonRepositoryTest" tests="4" skipped="0" failures="0" errors="0" timestamp="2024-03-01T23:28:48" hostname="HP-EliteBook-840-G3" time="0.077">
  <properties/>
  <testcase name="findAll()" classname="nz.gogonz.churchcheckin.repo.PersonRepositoryTest" time="0.02"/>
  <testcase name="findByFirstname()" classname="nz.gogonz.churchcheckin.repo.PersonRepositoryTest" time="0.017"/>
  <testcase name="findByFirstnameLike()" classname="nz.gogonz.churchcheckin.repo.PersonRepositoryTest" time="0.018"/>
  <testcase name="findByString()" classname="nz.gogonz.churchcheckin.repo.PersonRepositoryTest" time="0.016"/>
  <system-out><![CDATA[Hibernate: select p1_0.id,p1_0.birthday,p1_0.email,p1_0.firstname,p1_0.lastname,p1_0.notes,p1_0.phone from person p1_0
Hibernate: select p1_0.id,p1_0.birthday,p1_0.email,p1_0.firstname,p1_0.lastname,p1_0.notes,p1_0.phone from person p1_0 where p1_0.firstname=?
Hibernate: select p1_0.id,p1_0.birthday,p1_0.email,p1_0.firstname,p1_0.lastname,p1_0.notes,p1_0.phone from person p1_0 where upper(p1_0.firstname) like upper(?) escape '\' or upper(p1_0.lastname) like upper(?) escape '\'
Hibernate: select p1_0.id,p1_0.birthday,p1_0.email,p1_0.firstname,p1_0.lastname,p1_0.notes,p1_0.phone from person p1_0
]]></system-out>
  <system-err><![CDATA[]]></system-err>
</testsuite>
