<?xml version="1.0" encoding="UTF-8"?>
<testsuite name="nz.gogonz.churchcheckin.controller.CheckInControllerTest" tests="2" skipped="0" failures="0" errors="0" timestamp="2024-06-11T02:51:43" hostname="superadmin-HP-EliteBook-840-G1" time="0.284">
  <properties/>
  <testcase name="getCheckInsByDate()" classname="nz.gogonz.churchcheckin.controller.CheckInControllerTest" time="0.203"/>
  <testcase name="newCheckIn()" classname="nz.gogonz.churchcheckin.controller.CheckInControllerTest" time="0.08"/>
  <system-out><![CDATA[2024-06-11T14:51:42.371+12:00  INFO 70747 --- [    Test worker] o.s.b.d.r.RestartApplicationListener     : Restart disabled due to context in which it is running

  .   ____          _            __ _ _
 /\\ / ___'_ __ _ _(_)_ __  __ _ \ \ \ \
( ( )\___ | '_ | '_| | '_ \/ _` | \ \ \ \
 \\/  ___)| |_)| | | | | || (_| |  ) ) ) )
  '  |____| .__|_| |_|_| |_\__, | / / / /
 =========|_|==============|___/=/_/_/_/
 :: Spring Boot ::                (v3.2.2)

2024-06-11T14:51:42.413+12:00  INFO 70747 --- [    Test worker] n.g.c.controller.CheckInControllerTest   : Starting CheckInControllerTest using Java 21.0.3 with PID 70747 (started by coding in /home/coding/dev/repo/church-check-in-all/church-check-in)
2024-06-11T14:51:42.414+12:00  INFO 70747 --- [    Test worker] n.g.c.controller.CheckInControllerTest   : No active profile set, falling back to 1 default profile: "default"
2024-06-11T14:51:42.597+12:00  INFO 70747 --- [    Test worker] .s.d.r.c.RepositoryConfigurationDelegate : Bootstrapping Spring Data JPA repositories in DEFAULT mode.
2024-06-11T14:51:42.610+12:00  INFO 70747 --- [    Test worker] .s.d.r.c.RepositoryConfigurationDelegate : Finished Spring Data repository scanning in 12 ms. Found 3 JPA repository interfaces.
2024-06-11T14:51:42.779+12:00  INFO 70747 --- [    Test worker] o.hibernate.jpa.internal.util.LogHelper  : HHH000204: Processing PersistenceUnitInfo [name: default]
2024-06-11T14:51:42.781+12:00  INFO 70747 --- [    Test worker] o.h.c.internal.RegionFactoryInitiator    : HHH000026: Second-level cache disabled
2024-06-11T14:51:42.785+12:00  INFO 70747 --- [    Test worker] o.s.o.j.p.SpringPersistenceUnitInfo      : No LoadTimeWeaver setup: ignoring JPA class transformer
2024-06-11T14:51:42.786+12:00  INFO 70747 --- [    Test worker] com.zaxxer.hikari.HikariDataSource       : HikariPool-2 - Starting...
2024-06-11T14:51:42.787+12:00  INFO 70747 --- [    Test worker] com.zaxxer.hikari.pool.PoolBase          : HikariPool-2 - Driver does not support get/set network timeout for connections. (feature not supported)
2024-06-11T14:51:42.787+12:00  INFO 70747 --- [    Test worker] com.zaxxer.hikari.pool.HikariPool        : HikariPool-2 - Added connection org.hsqldb.jdbc.JDBCConnection@56c26b21
2024-06-11T14:51:42.787+12:00  INFO 70747 --- [    Test worker] com.zaxxer.hikari.HikariDataSource       : HikariPool-2 - Start completed.
2024-06-11T14:51:42.874+12:00  INFO 70747 --- [    Test worker] o.h.e.t.j.p.i.JtaPlatformInitiator       : HHH000489: No JTA platform available (set 'hibernate.transaction.jta.platform' to enable JTA platform integration)
Hibernate: drop table if exists checkin cascade 
Hibernate: drop table if exists person cascade 
Hibernate: drop table if exists relationship cascade 
Hibernate: create table checkin (check_in_time timestamp(6), check_out_time timestamp(6), id bigint generated by default as identity (start with 1), person_id bigint, primary key (id))
Hibernate: create table person (year integer, id bigint generated by default as identity (start with 1), birthday varchar(255), email varchar(255), firstname varchar(255), lastname varchar(255), notes varchar(255), phone varchar(255), primary key (id))
Hibernate: create table relationship (child_id bigint, id bigint generated by default as identity (start with 1), parent_id bigint, primary key (id))
2024-06-11T14:51:42.890+12:00  INFO 70747 --- [    Test worker] j.LocalContainerEntityManagerFactoryBean : Initialized JPA EntityManagerFactory for persistence unit 'default'
2024-06-11T14:51:43.037+12:00  WARN 70747 --- [    Test worker] JpaBaseConfiguration$JpaWebConfiguration : spring.jpa.open-in-view is enabled by default. Therefore, database queries may be performed during view rendering. Explicitly configure spring.jpa.open-in-view to disable this warning
2024-06-11T14:51:43.048+12:00  INFO 70747 --- [    Test worker] o.s.b.a.w.s.WelcomePageHandlerMapping    : Adding welcome page: class path resource [static/index.html]
2024-06-11T14:51:43.217+12:00  INFO 70747 --- [    Test worker] n.g.c.controller.CheckInControllerTest   : Started CheckInControllerTest in 0.847 seconds (process running for 9.162)
Hibernate: select ci1_0.id,ci1_0.check_in_time,ci1_0.check_out_time,ci1_0.person_id from checkin ci1_0 where ci1_0.check_in_time between ? and ?
Hibernate: select p1_0.id,p1_0.birthday,p1_0.email,p1_0.firstname,p1_0.lastname,p1_0.notes,p1_0.phone,p1_0.year from person p1_0 where p1_0.id=?
Hibernate: insert into checkin (check_in_time,check_out_time,person_id,id) values (?,?,?,default)
]]></system-out>
  <system-err><![CDATA[]]></system-err>
</testsuite>
