<?xml version="1.0" encoding="UTF-8"?>
<testsuite name="nz.gogonz.churchcheckin.ChurchCheckInApplicationTests" tests="1" skipped="0" failures="0" errors="0" timestamp="2024-06-11T02:51:41" hostname="superadmin-HP-EliteBook-840-G1" time="0.875">
  <properties/>
  <testcase name="contextLoads()" classname="nz.gogonz.churchcheckin.ChurchCheckInApplicationTests" time="0.875"/>
  <system-out><![CDATA[14:51:35.161 [Test worker] INFO org.springframework.test.context.support.AnnotationConfigContextLoaderUtils -- Could not detect default configuration classes for test class [nz.gogonz.churchcheckin.ChurchCheckInApplicationTests]: ChurchCheckInApplicationTests does not declare any static, non-private, non-final, nested classes annotated with @Configuration.
14:51:35.282 [Test worker] INFO org.springframework.boot.test.context.SpringBootTestContextBootstrapper -- Found @SpringBootConfiguration nz.gogonz.churchcheckin.ChurchCheckInApplication for test class nz.gogonz.churchcheckin.ChurchCheckInApplicationTests
14:51:35.510 [Test worker] INFO org.springframework.boot.devtools.restart.RestartApplicationListener -- Restart disabled due to context in which it is running

  .   ____          _            __ _ _
 /\\ / ___'_ __ _ _(_)_ __  __ _ \ \ \ \
( ( )\___ | '_ | '_| | '_ \/ _` | \ \ \ \
 \\/  ___)| |_)| | | | | || (_| |  ) ) ) )
  '  |____| .__|_| |_|_| |_\__, | / / / /
 =========|_|==============|___/=/_/_/_/
 :: Spring Boot ::                (v3.2.2)

2024-06-11T14:51:35.837+12:00  INFO 70747 --- [    Test worker] n.g.c.ChurchCheckInApplicationTests      : Starting ChurchCheckInApplicationTests using Java 21.0.3 with PID 70747 (started by coding in /home/coding/dev/repo/church-check-in-all/church-check-in)
2024-06-11T14:51:35.839+12:00  INFO 70747 --- [    Test worker] n.g.c.ChurchCheckInApplicationTests      : No active profile set, falling back to 1 default profile: "default"
2024-06-11T14:51:36.696+12:00  INFO 70747 --- [    Test worker] .s.d.r.c.RepositoryConfigurationDelegate : Bootstrapping Spring Data JPA repositories in DEFAULT mode.
2024-06-11T14:51:36.762+12:00  INFO 70747 --- [    Test worker] .s.d.r.c.RepositoryConfigurationDelegate : Finished Spring Data repository scanning in 59 ms. Found 3 JPA repository interfaces.
2024-06-11T14:51:37.646+12:00  INFO 70747 --- [    Test worker] o.hibernate.jpa.internal.util.LogHelper  : HHH000204: Processing PersistenceUnitInfo [name: default]
2024-06-11T14:51:37.721+12:00  INFO 70747 --- [    Test worker] org.hibernate.Version                    : HHH000412: Hibernate ORM core version 6.4.1.Final
2024-06-11T14:51:37.767+12:00  INFO 70747 --- [    Test worker] o.h.c.internal.RegionFactoryInitiator    : HHH000026: Second-level cache disabled
2024-06-11T14:51:38.099+12:00  INFO 70747 --- [    Test worker] o.s.o.j.p.SpringPersistenceUnitInfo      : No LoadTimeWeaver setup: ignoring JPA class transformer
2024-06-11T14:51:38.142+12:00  INFO 70747 --- [    Test worker] com.zaxxer.hikari.HikariDataSource       : HikariPool-1 - Starting...
2024-06-11T14:51:38.697+12:00  INFO 70747 --- [    Test worker] com.zaxxer.hikari.pool.PoolBase          : HikariPool-1 - Driver does not support get/set network timeout for connections. (feature not supported)
2024-06-11T14:51:38.699+12:00  INFO 70747 --- [    Test worker] com.zaxxer.hikari.pool.HikariPool        : HikariPool-1 - Added connection org.hsqldb.jdbc.JDBCConnection@ee2ae9a
2024-06-11T14:51:38.701+12:00  INFO 70747 --- [    Test worker] com.zaxxer.hikari.HikariDataSource       : HikariPool-1 - Start completed.
2024-06-11T14:51:39.736+12:00  INFO 70747 --- [    Test worker] o.h.e.t.j.p.i.JtaPlatformInitiator       : HHH000489: No JTA platform available (set 'hibernate.transaction.jta.platform' to enable JTA platform integration)
Hibernate: drop table if exists checkin cascade 
Hibernate: drop table if exists person cascade 
Hibernate: drop table if exists relationship cascade 
Hibernate: create table checkin (check_in_time timestamp(6), check_out_time timestamp(6), id bigint generated by default as identity (start with 1), person_id bigint, primary key (id))
Hibernate: create table person (year integer, id bigint generated by default as identity (start with 1), birthday varchar(255), email varchar(255), firstname varchar(255), lastname varchar(255), notes varchar(255), phone varchar(255), primary key (id))
Hibernate: create table relationship (child_id bigint, id bigint generated by default as identity (start with 1), parent_id bigint, primary key (id))
2024-06-11T14:51:39.764+12:00  INFO 70747 --- [    Test worker] j.LocalContainerEntityManagerFactoryBean : Initialized JPA EntityManagerFactory for persistence unit 'default'
2024-06-11T14:51:40.615+12:00  WARN 70747 --- [    Test worker] JpaBaseConfiguration$JpaWebConfiguration : spring.jpa.open-in-view is enabled by default. Therefore, database queries may be performed during view rendering. Explicitly configure spring.jpa.open-in-view to disable this warning
2024-06-11T14:51:40.652+12:00  INFO 70747 --- [    Test worker] o.s.b.a.w.s.WelcomePageHandlerMapping    : Adding welcome page: class path resource [static/index.html]
2024-06-11T14:51:41.445+12:00  INFO 70747 --- [    Test worker] n.g.c.ChurchCheckInApplicationTests      : Started ChurchCheckInApplicationTests in 5.938 seconds (process running for 7.391)
]]></system-out>
  <system-err><![CDATA[WARNING: A Java agent has been loaded dynamically (/home/coding/.gradle/caches/modules-2/files-2.1/net.bytebuddy/byte-buddy-agent/1.14.11/f9cb566608fbac6bc7bf54901a7aa11543a989ee/byte-buddy-agent-1.14.11.jar)
WARNING: If a serviceability tool is in use, please run with -XX:+EnableDynamicAgentLoading to hide this warning
WARNING: If a serviceability tool is not in use, please run with -Djdk.instrument.traceUsage for more information
WARNING: Dynamic loading of agents will be disallowed by default in a future release
]]></system-err>
</testsuite>
