<?xml version="1.0" encoding="UTF-8"?>
<testsuite name="nz.gogonz.churchcheckin.controller.CheckInControllerTest" tests="2" skipped="0" failures="0" errors="0" timestamp="2024-06-12T03:18:58" hostname="superadmin-HP-EliteBook-840-G1" time="0.528">
  <properties/>
  <testcase name="getCheckInsByDate()" classname="nz.gogonz.churchcheckin.controller.CheckInControllerTest" time="0.347"/>
  <testcase name="newCheckIn()" classname="nz.gogonz.churchcheckin.controller.CheckInControllerTest" time="0.179"/>
  <system-out><![CDATA[2024-06-12T15:18:56.914+12:00  INFO 323106 --- [    Test worker] o.s.b.d.r.RestartApplicationListener     : Restart disabled due to context in which it is running

  .   ____          _            __ _ _
 /\\ / ___'_ __ _ _(_)_ __  __ _ \ \ \ \
( ( )\___ | '_ | '_| | '_ \/ _` | \ \ \ \
 \\/  ___)| |_)| | | | | || (_| |  ) ) ) )
  '  |____| .__|_| |_|_| |_\__, | / / / /
 =========|_|==============|___/=/_/_/_/
 :: Spring Boot ::                (v3.2.2)

2024-06-12T15:18:56.951+12:00  INFO 323106 --- [    Test worker] n.g.c.controller.CheckInControllerTest   : Starting CheckInControllerTest using Java 21.0.3 with PID 323106 (started by coding in /home/coding/dev/repo/church-check-in-all/church-check-in)
2024-06-12T15:18:56.952+12:00  INFO 323106 --- [    Test worker] n.g.c.controller.CheckInControllerTest   : No active profile set, falling back to 1 default profile: "default"
2024-06-12T15:18:57.219+12:00  INFO 323106 --- [    Test worker] .s.d.r.c.RepositoryConfigurationDelegate : Bootstrapping Spring Data JPA repositories in DEFAULT mode.
2024-06-12T15:18:57.235+12:00  INFO 323106 --- [    Test worker] .s.d.r.c.RepositoryConfigurationDelegate : Finished Spring Data repository scanning in 15 ms. Found 5 JPA repository interfaces.
2024-06-12T15:18:57.555+12:00  INFO 323106 --- [    Test worker] o.hibernate.jpa.internal.util.LogHelper  : HHH000204: Processing PersistenceUnitInfo [name: default]
2024-06-12T15:18:57.558+12:00  INFO 323106 --- [    Test worker] o.h.c.internal.RegionFactoryInitiator    : HHH000026: Second-level cache disabled
2024-06-12T15:18:57.562+12:00  INFO 323106 --- [    Test worker] o.s.o.j.p.SpringPersistenceUnitInfo      : No LoadTimeWeaver setup: ignoring JPA class transformer
2024-06-12T15:18:57.563+12:00  INFO 323106 --- [    Test worker] com.zaxxer.hikari.HikariDataSource       : HikariPool-2 - Starting...
2024-06-12T15:18:57.564+12:00  INFO 323106 --- [    Test worker] com.zaxxer.hikari.pool.PoolBase          : HikariPool-2 - Driver does not support get/set network timeout for connections. (feature not supported)
2024-06-12T15:18:57.565+12:00  INFO 323106 --- [    Test worker] com.zaxxer.hikari.pool.HikariPool        : HikariPool-2 - Added connection org.hsqldb.jdbc.JDBCConnection@7f6e9e03
2024-06-12T15:18:57.565+12:00  INFO 323106 --- [    Test worker] com.zaxxer.hikari.HikariDataSource       : HikariPool-2 - Start completed.
2024-06-12T15:18:57.701+12:00  INFO 323106 --- [    Test worker] o.h.e.t.j.p.i.JtaPlatformInitiator       : HHH000489: No JTA platform available (set 'hibernate.transaction.jta.platform' to enable JTA platform integration)
Hibernate: drop table if exists admin_table cascade 
Hibernate: drop table if exists checkin cascade 
Hibernate: drop table if exists person cascade 
Hibernate: drop table if exists relationship cascade 
Hibernate: drop table if exists tokens cascade 
Hibernate: create table admin_table (id bigint generated by default as identity (start with 1), password_hash varchar(255), salt varchar(255), username varchar(255), primary key (id))
Hibernate: create table checkin (check_in_time timestamp(6), check_out_time timestamp(6), id bigint generated by default as identity (start with 1), person_id bigint, primary key (id))
Hibernate: create table person (year integer, id bigint generated by default as identity (start with 1), birthday varchar(255), email varchar(255), firstname varchar(255), lastname varchar(255), notes varchar(255), phone varchar(255), primary key (id))
Hibernate: create table relationship (child_id bigint, id bigint generated by default as identity (start with 1), parent_id bigint, primary key (id))
Hibernate: create table tokens (is_valid boolean, admin_id bigint, expiry_date timestamp(6), id bigint generated by default as identity (start with 1), issue_date timestamp(6), token varchar(255), primary key (id))
2024-06-12T15:18:57.709+12:00  INFO 323106 --- [    Test worker] j.LocalContainerEntityManagerFactoryBean : Initialized JPA EntityManagerFactory for persistence unit 'default'
2024-06-12T15:18:57.717+12:00  INFO 323106 --- [    Test worker] n.g.c.ChurchCheckInApplication           : *************************************************************
2024-06-12T15:18:57.717+12:00  INFO 323106 --- [    Test worker] n.g.c.ChurchCheckInApplication           : POSTGRES_URL: jdbc:hsqldb:mem:testdb;DB_CLOSE_DELAY=-1
2024-06-12T15:18:57.717+12:00  INFO 323106 --- [    Test worker] n.g.c.ChurchCheckInApplication           : POSTGRES_USER: sa
2024-06-12T15:18:57.718+12:00  INFO 323106 --- [    Test worker] n.g.c.ChurchCheckInApplication           : POSTGRES_PASSWORD: 
2024-06-12T15:18:57.718+12:00  INFO 323106 --- [    Test worker] n.g.c.ChurchCheckInApplication           : *************************************************************
2024-06-12T15:18:58.091+12:00  WARN 323106 --- [    Test worker] JpaBaseConfiguration$JpaWebConfiguration : spring.jpa.open-in-view is enabled by default. Therefore, database queries may be performed during view rendering. Explicitly configure spring.jpa.open-in-view to disable this warning
2024-06-12T15:18:58.123+12:00  INFO 323106 --- [    Test worker] o.s.b.a.w.s.WelcomePageHandlerMapping    : Adding welcome page: class path resource [static/index.html]
2024-06-12T15:18:58.663+12:00  WARN 323106 --- [    Test worker] .s.s.UserDetailsServiceAutoConfiguration : 

Using generated security password: c4a94287-67a0-4d89-835b-00cc5faa95a2

This generated password is for development use only. Your security configuration must be updated before running your application in production.

2024-06-12T15:18:58.712+12:00  INFO 323106 --- [    Test worker] o.s.b.a.e.web.EndpointLinksResolver      : Exposing 1 endpoint(s) beneath base path '/actuator'
2024-06-12T15:18:58.742+12:00  INFO 323106 --- [    Test worker] o.s.s.web.DefaultSecurityFilterChain     : Will secure any request with [org.springframework.security.web.session.DisableEncodeUrlFilter@4a1978df, org.springframework.security.web.context.request.async.WebAsyncManagerIntegrationFilter@cd7871e, org.springframework.security.web.context.SecurityContextHolderFilter@19eaab0b, org.springframework.security.web.header.HeaderWriterFilter@68fbad62, org.springframework.web.filter.CorsFilter@b14a2c, org.springframework.security.web.csrf.CsrfFilter@1d38ca2b, org.springframework.security.web.authentication.logout.LogoutFilter@7c38d816, org.springframework.security.web.authentication.UsernamePasswordAuthenticationFilter@31b70b2a, org.springframework.security.web.authentication.ui.DefaultLoginPageGeneratingFilter@496203da, org.springframework.security.web.authentication.ui.DefaultLogoutPageGeneratingFilter@b7da2c4, org.springframework.security.web.authentication.www.BasicAuthenticationFilter@3a7f9efc, org.springframework.security.web.savedrequest.RequestCacheAwareFilter@b225c59, org.springframework.security.web.servletapi.SecurityContextHolderAwareRequestFilter@1f410c8, org.springframework.security.web.authentication.AnonymousAuthenticationFilter@a23ecf4, org.springframework.security.web.access.ExceptionTranslationFilter@605ef319, org.springframework.security.web.access.intercept.AuthorizationFilter@bfd7235]
2024-06-12T15:18:58.876+12:00  INFO 323106 --- [    Test worker] n.g.c.controller.CheckInControllerTest   : Started CheckInControllerTest in 1.963 seconds (process running for 13.881)
Hibernate: select ci1_0.id,ci1_0.check_in_time,ci1_0.check_out_time,ci1_0.person_id from checkin ci1_0 where ci1_0.check_in_time between ? and ?
Hibernate: select p1_0.id,p1_0.birthday,p1_0.email,p1_0.firstname,p1_0.lastname,p1_0.notes,p1_0.phone,p1_0.year from person p1_0 where p1_0.id=?
Hibernate: insert into checkin (check_in_time,check_out_time,person_id,id) values (?,?,?,default)
]]></system-out>
  <system-err><![CDATA[]]></system-err>
</testsuite>
