<?xml version="1.0" encoding="UTF-8"?>
<testsuite name="nz.gogonz.churchcheckin.ChurchCheckInApplicationTests" tests="1" skipped="0" failures="0" errors="0" timestamp="2024-03-01T23:28:46" hostname="HP-EliteBook-840-G3" time="0.714">
  <properties/>
  <testcase name="contextLoads()" classname="nz.gogonz.churchcheckin.ChurchCheckInApplicationTests" time="0.714"/>
  <system-out><![CDATA[12:28:39.236 [Test worker] INFO org.springframework.test.context.support.AnnotationConfigContextLoaderUtils -- Could not detect default configuration classes for test class [nz.gogonz.churchcheckin.ChurchCheckInApplicationTests]: ChurchCheckInApplicationTests does not declare any static, non-private, non-final, nested classes annotated with @Configuration.
12:28:39.389 [Test worker] INFO org.springframework.boot.test.context.SpringBootTestContextBootstrapper -- Found @SpringBootConfiguration nz.gogonz.churchcheckin.ChurchCheckInApplication for test class nz.gogonz.churchcheckin.ChurchCheckInApplicationTests

  .   ____          _            __ _ _
 /\\ / ___'_ __ _ _(_)_ __  __ _ \ \ \ \
( ( )\___ | '_ | '_| | '_ \/ _` | \ \ \ \
 \\/  ___)| |_)| | | | | || (_| |  ) ) ) )
  '  |____| .__|_| |_|_| |_\__, | / / / /
 =========|_|==============|___/=/_/_/_/
 :: Spring Boot ::                (v3.2.2)

2024-03-02T12:28:39.940+13:00  INFO 188843 --- [    Test worker] n.g.c.ChurchCheckInApplicationTests      : Starting ChurchCheckInApplicationTests using Java 17.0.10 with PID 188843 (started by sudo_go_kill_yourself in /home/sudo_go_kill_yourself/dev/repo/church-check-in-all/church-check-in)
2024-03-02T12:28:39.943+13:00  INFO 188843 --- [    Test worker] n.g.c.ChurchCheckInApplicationTests      : No active profile set, falling back to 1 default profile: "default"
2024-03-02T12:28:40.676+13:00  INFO 188843 --- [    Test worker] .s.d.r.c.RepositoryConfigurationDelegate : Bootstrapping Spring Data JPA repositories in DEFAULT mode.
2024-03-02T12:28:40.766+13:00  INFO 188843 --- [    Test worker] .s.d.r.c.RepositoryConfigurationDelegate : Finished Spring Data repository scanning in 69 ms. Found 3 JPA repository interfaces.
2024-03-02T12:28:41.575+13:00  INFO 188843 --- [    Test worker] o.hibernate.jpa.internal.util.LogHelper  : HHH000204: Processing PersistenceUnitInfo [name: default]
2024-03-02T12:28:41.647+13:00  INFO 188843 --- [    Test worker] org.hibernate.Version                    : HHH000412: Hibernate ORM core version 6.4.1.Final
2024-03-02T12:28:41.701+13:00  INFO 188843 --- [    Test worker] o.h.c.internal.RegionFactoryInitiator    : HHH000026: Second-level cache disabled
2024-03-02T12:28:42.008+13:00  INFO 188843 --- [    Test worker] o.s.o.j.p.SpringPersistenceUnitInfo      : No LoadTimeWeaver setup: ignoring JPA class transformer
2024-03-02T12:28:42.044+13:00  INFO 188843 --- [    Test worker] com.zaxxer.hikari.HikariDataSource       : HikariPool-1 - Starting...
2024-03-02T12:28:42.411+13:00  INFO 188843 --- [    Test worker] com.zaxxer.hikari.pool.PoolBase          : HikariPool-1 - Driver does not support get/set network timeout for connections. (feature not supported)
2024-03-02T12:28:42.413+13:00  INFO 188843 --- [    Test worker] com.zaxxer.hikari.pool.HikariPool        : HikariPool-1 - Added connection org.hsqldb.jdbc.JDBCConnection@2a19a0fe
2024-03-02T12:28:42.416+13:00  INFO 188843 --- [    Test worker] com.zaxxer.hikari.HikariDataSource       : HikariPool-1 - Start completed.
2024-03-02T12:28:42.834+13:00  WARN 188843 --- [    Test worker] org.hibernate.mapping.RootClass          : HHH000038: Composite-id class does not override equals(): nz.gogonz.churchcheckin.model.RelationshipId
2024-03-02T12:28:42.835+13:00  WARN 188843 --- [    Test worker] org.hibernate.mapping.RootClass          : HHH000039: Composite-id class does not override hashCode(): nz.gogonz.churchcheckin.model.RelationshipId
2024-03-02T12:28:44.595+13:00  INFO 188843 --- [    Test worker] o.h.e.t.j.p.i.JtaPlatformInitiator       : HHH000489: No JTA platform available (set 'hibernate.transaction.jta.platform' to enable JTA platform integration)
Hibernate: drop table if exists checkin cascade 
Hibernate: drop table if exists person cascade 
Hibernate: drop table if exists relationship cascade 
Hibernate: create table checkin (check_in_time timestamp(6), check_out_time timestamp(6), id bigint generated by default as identity (start with 1), person_id bigint, primary key (id))
Hibernate: create table person (id bigint generated by default as identity (start with 1), birthday varchar(255), email varchar(255), firstname varchar(255), lastname varchar(255), notes varchar(255), phone varchar(255), primary key (id))
Hibernate: create table relationship (child_id bigint not null, parent_id bigint not null, primary key (child_id, parent_id))
2024-03-02T12:28:44.675+13:00  INFO 188843 --- [    Test worker] j.LocalContainerEntityManagerFactoryBean : Initialized JPA EntityManagerFactory for persistence unit 'default'
2024-03-02T12:28:45.866+13:00  WARN 188843 --- [    Test worker] JpaBaseConfiguration$JpaWebConfiguration : spring.jpa.open-in-view is enabled by default. Therefore, database queries may be performed during view rendering. Explicitly configure spring.jpa.open-in-view to disable this warning
2024-03-02T12:28:46.533+13:00  INFO 188843 --- [    Test worker] n.g.c.ChurchCheckInApplicationTests      : Started ChurchCheckInApplicationTests in 6.922 seconds (process running for 8.785)
]]></system-out>
  <system-err><![CDATA[]]></system-err>
</testsuite>
