<?xml version="1.0" encoding="UTF-8"?>
<testsuite name="nz.gogonz.churchcheckin.repo.CheckInRepositoryTest" tests="2" skipped="0" failures="0" errors="0" timestamp="2024-03-01T23:28:48" hostname="HP-EliteBook-840-G3" time="0.048">
  <properties/>
  <testcase name="findAllByCheckInTime()" classname="nz.gogonz.churchcheckin.repo.CheckInRepositoryTest" time="0.027"/>
  <testcase name="findAll()" classname="nz.gogonz.churchcheckin.repo.CheckInRepositoryTest" time="0.019"/>
  <system-out><![CDATA[Hibernate: select ci1_0.id,ci1_0.check_in_time,ci1_0.check_out_time,ci1_0.person_id from checkin ci1_0 where ci1_0.check_in_time between ? and ?
Hibernate: select ci1_0.id,ci1_0.check_in_time,ci1_0.check_out_time,ci1_0.person_id from checkin ci1_0
]]></system-out>
  <system-err><![CDATA[]]></system-err>
</testsuite>
