<?xml version="1.0" encoding="UTF-8"?>
<testsuite name="nz.gogonz.churchcheckin.ChurchCheckInApplicationTests" tests="1" skipped="0" failures="0" errors="0" timestamp="2024-06-12T03:18:56" hostname="superadmin-HP-EliteBook-840-G1" time="0.589">
  <properties/>
  <testcase name="contextLoads()" classname="nz.gogonz.churchcheckin.ChurchCheckInApplicationTests" time="0.589"/>
  <system-out><![CDATA[15:18:46.051 [Test worker] INFO org.springframework.test.context.support.AnnotationConfigContextLoaderUtils -- Could not detect default configuration classes for test class [nz.gogonz.churchcheckin.ChurchCheckInApplicationTests]: ChurchCheckInApplicationTests does not declare any static, non-private, non-final, nested classes annotated with @Configuration.
15:18:46.283 [Test worker] INFO org.springframework.boot.test.context.SpringBootTestContextBootstrapper -- Found @SpringBootConfiguration nz.gogonz.churchcheckin.ChurchCheckInApplication for test class nz.gogonz.churchcheckin.ChurchCheckInApplicationTests
15:18:46.605 [Test worker] INFO org.springframework.boot.devtools.restart.RestartApplicationListener -- Restart disabled due to context in which it is running

  .   ____          _            __ _ _
 /\\ / ___'_ __ _ _(_)_ __  __ _ \ \ \ \
( ( )\___ | '_ | '_| | '_ \/ _` | \ \ \ \
 \\/  ___)| |_)| | | | | || (_| |  ) ) ) )
  '  |____| .__|_| |_|_| |_\__, | / / / /
 =========|_|==============|___/=/_/_/_/
 :: Spring Boot ::                (v3.2.2)

2024-06-12T15:18:47.124+12:00  INFO 323106 --- [    Test worker] n.g.c.ChurchCheckInApplicationTests      : Starting ChurchCheckInApplicationTests using Java 21.0.3 with PID 323106 (started by coding in /home/coding/dev/repo/church-check-in-all/church-check-in)
2024-06-12T15:18:47.126+12:00  INFO 323106 --- [    Test worker] n.g.c.ChurchCheckInApplicationTests      : No active profile set, falling back to 1 default profile: "default"
2024-06-12T15:18:48.644+12:00  INFO 323106 --- [    Test worker] .s.d.r.c.RepositoryConfigurationDelegate : Bootstrapping Spring Data JPA repositories in DEFAULT mode.
2024-06-12T15:18:48.739+12:00  INFO 323106 --- [    Test worker] .s.d.r.c.RepositoryConfigurationDelegate : Finished Spring Data repository scanning in 83 ms. Found 5 JPA repository interfaces.
2024-06-12T15:18:50.771+12:00  INFO 323106 --- [    Test worker] o.hibernate.jpa.internal.util.LogHelper  : HHH000204: Processing PersistenceUnitInfo [name: default]
2024-06-12T15:18:50.882+12:00  INFO 323106 --- [    Test worker] org.hibernate.Version                    : HHH000412: Hibernate ORM core version 6.4.1.Final
2024-06-12T15:18:50.957+12:00  INFO 323106 --- [    Test worker] o.h.c.internal.RegionFactoryInitiator    : HHH000026: Second-level cache disabled
2024-06-12T15:18:51.383+12:00  INFO 323106 --- [    Test worker] o.s.o.j.p.SpringPersistenceUnitInfo      : No LoadTimeWeaver setup: ignoring JPA class transformer
2024-06-12T15:18:51.426+12:00  INFO 323106 --- [    Test worker] com.zaxxer.hikari.HikariDataSource       : HikariPool-1 - Starting...
2024-06-12T15:18:51.922+12:00  INFO 323106 --- [    Test worker] com.zaxxer.hikari.pool.PoolBase          : HikariPool-1 - Driver does not support get/set network timeout for connections. (feature not supported)
2024-06-12T15:18:51.924+12:00  INFO 323106 --- [    Test worker] com.zaxxer.hikari.pool.HikariPool        : HikariPool-1 - Added connection org.hsqldb.jdbc.JDBCConnection@56f72909
2024-06-12T15:18:51.926+12:00  INFO 323106 --- [    Test worker] com.zaxxer.hikari.HikariDataSource       : HikariPool-1 - Start completed.
2024-06-12T15:18:53.327+12:00  INFO 323106 --- [    Test worker] o.h.e.t.j.p.i.JtaPlatformInitiator       : HHH000489: No JTA platform available (set 'hibernate.transaction.jta.platform' to enable JTA platform integration)
Hibernate: drop table if exists admin_table cascade 
Hibernate: drop table if exists checkin cascade 
Hibernate: drop table if exists person cascade 
Hibernate: drop table if exists relationship cascade 
Hibernate: drop table if exists tokens cascade 
Hibernate: create table admin_table (id bigint generated by default as identity (start with 1), password_hash varchar(255), salt varchar(255), username varchar(255), primary key (id))
Hibernate: create table checkin (check_in_time timestamp(6), check_out_time timestamp(6), id bigint generated by default as identity (start with 1), person_id bigint, primary key (id))
Hibernate: create table person (year integer, id bigint generated by default as identity (start with 1), birthday varchar(255), email varchar(255), firstname varchar(255), lastname varchar(255), notes varchar(255), phone varchar(255), primary key (id))
Hibernate: create table relationship (child_id bigint, id bigint generated by default as identity (start with 1), parent_id bigint, primary key (id))
Hibernate: create table tokens (is_valid boolean, admin_id bigint, expiry_date timestamp(6), id bigint generated by default as identity (start with 1), issue_date timestamp(6), token varchar(255), primary key (id))
2024-06-12T15:18:53.362+12:00  INFO 323106 --- [    Test worker] j.LocalContainerEntityManagerFactoryBean : Initialized JPA EntityManagerFactory for persistence unit 'default'
2024-06-12T15:18:53.387+12:00  INFO 323106 --- [    Test worker] n.g.c.ChurchCheckInApplication           : *************************************************************
2024-06-12T15:18:53.388+12:00  INFO 323106 --- [    Test worker] n.g.c.ChurchCheckInApplication           : POSTGRES_URL: jdbc:hsqldb:mem:testdb;DB_CLOSE_DELAY=-1
2024-06-12T15:18:53.388+12:00  INFO 323106 --- [    Test worker] n.g.c.ChurchCheckInApplication           : POSTGRES_USER: sa
2024-06-12T15:18:53.388+12:00  INFO 323106 --- [    Test worker] n.g.c.ChurchCheckInApplication           : POSTGRES_PASSWORD: 
2024-06-12T15:18:53.388+12:00  INFO 323106 --- [    Test worker] n.g.c.ChurchCheckInApplication           : *************************************************************
2024-06-12T15:18:54.482+12:00  WARN 323106 --- [    Test worker] JpaBaseConfiguration$JpaWebConfiguration : spring.jpa.open-in-view is enabled by default. Therefore, database queries may be performed during view rendering. Explicitly configure spring.jpa.open-in-view to disable this warning
2024-06-12T15:18:54.547+12:00  INFO 323106 --- [    Test worker] o.s.b.a.w.s.WelcomePageHandlerMapping    : Adding welcome page: class path resource [static/index.html]
2024-06-12T15:18:55.673+12:00  WARN 323106 --- [    Test worker] .s.s.UserDetailsServiceAutoConfiguration : 

Using generated security password: f7f5fccc-5ee5-42e6-b3c0-c648e7b05bfc

This generated password is for development use only. Your security configuration must be updated before running your application in production.

2024-06-12T15:18:55.827+12:00  INFO 323106 --- [    Test worker] o.s.b.a.e.web.EndpointLinksResolver      : Exposing 1 endpoint(s) beneath base path '/actuator'
2024-06-12T15:18:55.881+12:00  INFO 323106 --- [    Test worker] o.s.s.web.DefaultSecurityFilterChain     : Will secure any request with [org.springframework.security.web.session.DisableEncodeUrlFilter@14ca4b4d, org.springframework.security.web.context.request.async.WebAsyncManagerIntegrationFilter@31b2c451, org.springframework.security.web.context.SecurityContextHolderFilter@3a22c944, org.springframework.security.web.header.HeaderWriterFilter@2fedfff1, org.springframework.web.filter.CorsFilter@1201c2f6, org.springframework.security.web.csrf.CsrfFilter@1484cb57, org.springframework.security.web.authentication.logout.LogoutFilter@6f2f4b9e, org.springframework.security.web.authentication.UsernamePasswordAuthenticationFilter@97e9568, org.springframework.security.web.authentication.ui.DefaultLoginPageGeneratingFilter@45dbbb97, org.springframework.security.web.authentication.ui.DefaultLogoutPageGeneratingFilter@cbf9cc1, org.springframework.security.web.authentication.www.BasicAuthenticationFilter@19dc9dda, org.springframework.security.web.savedrequest.RequestCacheAwareFilter@6419726f, org.springframework.security.web.servletapi.SecurityContextHolderAwareRequestFilter@21132086, org.springframework.security.web.authentication.AnonymousAuthenticationFilter@4ae93e38, org.springframework.security.web.access.ExceptionTranslationFilter@213fc7e7, org.springframework.security.web.access.intercept.AuthorizationFilter@4b90a402]
2024-06-12T15:18:56.157+12:00  INFO 323106 --- [    Test worker] n.g.c.ChurchCheckInApplicationTests      : Started ChurchCheckInApplicationTests in 9.574 seconds (process running for 11.161)
]]></system-out>
  <system-err><![CDATA[WARNING: A Java agent has been loaded dynamically (/home/coding/.gradle/caches/modules-2/files-2.1/net.bytebuddy/byte-buddy-agent/1.14.11/f9cb566608fbac6bc7bf54901a7aa11543a989ee/byte-buddy-agent-1.14.11.jar)
WARNING: If a serviceability tool is in use, please run with -XX:+EnableDynamicAgentLoading to hide this warning
WARNING: If a serviceability tool is not in use, please run with -Djdk.instrument.traceUsage for more information
WARNING: Dynamic loading of agents will be disallowed by default in a future release
]]></system-err>
</testsuite>
